<?xml version="1.0" encoding="UTF-8"?>
<!-- Generated by org.testng.reporters.JUnitReportReporter -->
<testsuite hostname="DESKTOP-CF808SK" failures="0" tests="1" name="logExampleTestNG.NOPCommApp" time="23.529" errors="0" timestamp="5 Aug 2023 18:09:05 GMT">
  <testcase classname="logExampleTestNG.NOPCommApp" name="verifyLoginTest" time="23.529"/>
</testsuite> <!-- logExampleTestNG.NOPCommApp -->
